Installing 648 packages

Installing cracklib-dicts-2.8.2-1.i386.
Installing fedora-logos-1.1.31-1.noarch.
Installing hwdata-0.158-1.noarch.
Installing libgcc-4.0.0-8.i386.
Installing rootfiles-8.1-1.noarch.
Installing setup-2.5.44-1.noarch.
Installing filesystem-2.3.4-1.i386.
Installing basesystem-8.0-5.noarch.
Installing termcap-5.4-4.noarch.
Installing tzdata-2005i-2.noarch.
Installing glibc-common-2.3.5-10.i386.
Installing glibc-2.3.5-10.i686.
Installing audit-libs-0.8.2-1.i386.
Installing bzip2-libs-1.0.2-16.i386.
Installing chkconfig-1.3.20-1.i386.
Installing device-mapper-1.01.02-1.0.i386.
Installing dmraid-1.0.0.rc8-FC4_5.i386.
Installing e2fsprogs-1.37-4.i386.
Installing elfutils-libelf-0.108-1.i386.
Installing ethtool-3-1.i386.
Installing expat-1.95.8-6.i386.
Installing gdbm-1.8.0-25.i386.
Installing glib2-2.6.4-1.i386.
Installing hdparm-5.9-1.i386.
Installing libattr-2.4.16-5.i386.
Installing libacl-2.2.23-8.i386.
Installing libselinux-1.23.10-2.i386.
Installing libsepol-1.5.9-2.i386.
Installing checkpolicy-1.23.1-1.i386.
Installing libstdc++-4.0.0-8.i386.
Installing beecrypt-4.1.2-8.i386.
Installing db4-4.3.27-3.i386.
Installing libtermcap-2.0.8-41.i386.
Installing libusb-0.1.10a-1.i386.
Installing mingetty-1.07-5.i386.
Installing mktemp-1.5-23.i386.
Installing bash-3.0-31.i386.
Installing audit-0.8.2-1.i386.
Installing cracklib-2.8.2-1.i386.
Installing fedora-release-4-2.noarch.
Installing iproute-2.6.11-1.i386.
Installing iputils-20020927-22.i386.
Installing ncurses-5.4-17.i386.
Installing less-382-7.i386.
Installing net-tools-1.60-52.i386.
Installing pcre-5.0-4.i386.
Installing perl-5.8.6-15.i386.
Installing perl-Filter-1.30-7.i386.
Installing popt-1.10.1-21.i386.
Installing psmisc-21.5-4.i386.
Installing setserial-2.17-19.i386.
Installing shadow-utils-4.0.7-9.i386.
Installing dbus-0.33-3.i386.
Installing dbus-glib-0.33-3.i386.
Installing slang-1.4.9-17.i386.
Installing tcl-8.4.9-3.i386.
Installing vim-minimal-6.3.071-3.i386.
Installing wireless-tools-28-0.pre4.3.i386.
Installing zlib-1.2.2.2-3.i386.
Installing file-4.13-4.i386.
Installing info-4.8-4.i386.
Installing cpio-2.6-7.i386.
Installing diffutils-2.8.1-15.i386.
Installing ed-0.2-38.i386.
Installing findutils-4.2.20-1.i386.
Installing gawk-3.1.4-5.i386.
Installing grep-2.5.1-48.i386.
Installing coreutils-5.2.1-48.i386.
Installing grub-0.95-13.i386.
Installing gzip-1.3.5-6.i386.
Installing kernel-smp-devel-2.6.11-1.1369_FC4.i686.
Installing krb5-libs-1.4-3.i386.
Installing MAKEDEV-3.19-1.i386.
Installing module-init-tools-3.1-3.i386.
Installing openssl-0.9.7f-7.i686.
Installing neon-0.24.7-6.i386.
Installing procps-3.2.5-6.i386.
Installing readline-5.0-3.i386.
Installing python-2.4.1-2.i386.
Installing newt-0.51.6-7.i386.
Installing pyxf86config-0.3.19-4.i386.
Installing rhpl-0.167-1.i386.
Installing sed-4.1.4-1.i386.
Installing pam-0.79-8.i386.
Installing authconfig-4.6.12-1.i386.
Installing policycoreutils-1.23.10-2.i386.
Installing setools-2.1.0-5.i386.
Installing sqlite-3.1.2-3.i386.
Installing rpm-libs-4.4.1-21.i386.
Installing rpm-4.4.1-21.i386.
Installing sysklogd-1.4.1-30.i386.
Installing SysVinit-2.85-39.i386.
Installing tar-1.15.1-5.i386.
Installing util-linux-2.12p-9.3.i386.
Installing hotplug-2004_09_23-7.i386.
Installing udev-058-1.i386.
Installing initscripts-8.11.1-1.i386.
Installing cyrus-sasl-2.1.20-5.i386.
Installing cyrus-sasl-md5-2.1.20-5.i386.
Installing lvm2-2.01.08-2.1.i386.
Installing mkinitrd-4.2.15-1.i386.
Installing kernel-2.6.11-1.1369_FC4.i686.
Installing kernel-smp-2.6.11-1.1369_FC4.i686.
Installing hal-0.5.2-2.i386.
Installing kudzu-1.1.116.2-2.i386.
Installing openldap-2.2.23-5.i386.
Installing libuser-0.53.7-1.i386.
Installing passwd-0.69-2.i386.
Installing prelink-0.3.4-3.i386.
Installing selinux-policy-targeted-1.23.16-6.noarch.
Installing usermode-1.80-1.i386.
Installing kbd-1.12-10.i386.
Installing system-config-mouse-1.2.11-1.noarch.
Installing mailcap-2.1.19-1.noarch.
Installing man-pages-1.67-7.noarch.
Installing rmt-0.4b40-2.i386.
Installing dump-0.4b40-2.i386.
Installing specspo-9.0.92-1.3.noarch.
Installing bluez-libs-2.15-1.i386.
Installing bluez-hcidump-1.18-1.i386.
Installing dos2unix-3.1-24.i386.
Installing dosfstools-2.10-3.i386.
Installing eject-2.0.13-15.i386.
Installing elfutils-0.108-1.i386.
Installing finger-0.17-28.i386.
Installing hardlink-1.0-1.13.i386.
Installing hesiod-3.0.2-31.i386.
Installing lha-1.14i-19.i386.
Installing attr-2.4.16-5.i386.
Installing acl-2.2.23-8.i386.
Installing libgpg-error-1.0-2.i386.
Installing libgcrypt-1.2.1-1.i386.
Installing libjpeg-6b-34.i386.
Installing lrzsz-0.12.20-21.i386.
Installing lsof-4.74-7.i386.
Installing mailx-8.1.1-44.i386.
Installing bzip2-1.0.2-16.i386.
Installing crontabs-1.10-7.noarch.
Installing anacron-2.3-34.i386.
Installing iptables-1.3.0-2.i386.
Installing ksh-20050202-1.i386.
Installing nc-1.78-2.i386.
Installing iptstate-1.4-1.1.i386.
Installing mtr-0.69-3.i386.
Installing pam_passwdqc-0.7.6-1.i386.
Installing pam_smb-1.1.7-6.i386.
Installing patch-2.5.4-24.i386.
Installing pax-3.0-11.i386.
Installing pciutils-2.1.99.test8-10.i386.
Installing aspell-0.50.5-6.i386.
Installing aspell-en-0.51-12.i386.
Installing fbset-2.1-20.i386.
Installing numactl-0.6.4-1.18.i386.
Installing desktop-file-utils-0.10-1.i386.
Installing logrotate-3.7.1-10.i386.
Installing procmail-3.22-16.i386.
Installing rdate-1.4-4.i386.
Installing rdist-6.1.5-40.i386.
Installing redhat-menus-3.8-1.noarch.
Installing rsh-0.17-29.i386.
Installing rsync-2.6.4-3.i386.
Installing schedutils-1.4.0-4.i386.
Installing setarch-1.7-3.i386.
Installing lockdev-1.0.1-7.i386.
Installing slocate-2.7-22.i386.
Installing statserial-1.1-38.i386.
Installing symlinks-1.2-24.i386.
Installing talk-0.17-29.i386.
Installing tcp_wrappers-7.6-39.i386.
Installing tcpdump-3.8.2-12.i386.
Installing telnet-0.17-35.i386.
Installing tmpwatch-2.9.3-1.i386.
Installing traceroute-1.4a12-26.i386.
Installing unix2dos-2.2-26.i386.
Installing unzip-5.51-10.i386.
Installing vconfig-1.8-7.i386.
Installing words-3.0-7.noarch.
Installing zip-2.3-30.i386.
Installing crash-3.10-13.i386.
Installing freetype-2.1.9-2.i386.
Installing fontconfig-2.2.3-13.i386.
Installing binutils-2.15.94.0.2.2-2.i386.
Installing gpm-1.20.1-71.i386.
Installing groff-1.18.1.1-5.i386.
Installing jwhois-3.2.2-14.i386.
Installing krb5-workstation-1.4-3.i386.
Installing krbafs-1.2.2-7.i386.
Installing libpng-1.2.8-2.i386.
Installing libxml2-2.6.19-1.i386.
Installing logwatch-6.0.1-2.noarch.
Installing m4-1.4.3-1.i386.
Installing make-3.80-7.i386.
Installing man-1.5p-4.i386.
Installing mgetty-1.1.33-1.i386.
Installing minicom-2.00.0-21.i386.
Installing irda-utils-0.9.16-7.i386.
Installing mtools-3.9.9-13.i386.
Installing nano-1.3.5-0.20050302.i386.
Installing nscd-2.3.5-10.i386.
Installing nss_db-2.2-31.i386.
Installing bind-libs-9.3.1-4.i386.
Installing bind-utils-9.3.1-4.i386.
Installing psacct-6.3.2-37.i386.
Installing bc-1.06-18.i386.
Installing ftp-0.17-26.i386.
Installing lftp-3.1.3-1.i386.
Installing parted-1.6.22-2.i386.
Installing gettext-0.14.3-1.i386.
Installing libxml2-python-2.6.19-1.i386.
Installing ntsysv-1.3.20-1.i386.
Installing pyOpenSSL-0.6-1.p24.4.i386.
Installing python-elementtree-1.2.6-4.i386.
Installing python-urlgrabber-2.9.6-1.noarch.
Installing rhnlib-1.8-6.p24.1.noarch.
Installing jpackage-utils-1.6.3-1jpp_1rh.noarch.
Installing at-3.1.8-77_FC4.i386.
Installing libwvstreams-3.75.0-5.i386.
Installing pam_ccreds-1-6.i386.
Installing pam_krb5-2.1.7-3.i386.
Installing setuptool-1.17.1-1.i386.
Installing python-sqlite-1.1.6-1.i386.
Installing rpm-python-4.4.1-21.i386.
Installing stunnel-4.08-2.i386.
Installing sudo-1.6.8p8-1.i386.
Installing syslinux-3.08-2.i386.
Installing sysreport-1.4.1-2.noarch.
Installing system-config-securitylevel-tui-1.5.8-1.i386.
Installing tcsh-6.14-1.i386.
Installing time-1.7-27.i386.
Installing utempter-0.5.5-6.i386.
Installing wget-1.9.1-22.i386.
Installing xorg-x11-libs-6.8.2-31.i386.
Installing xorg-x11-Mesa-libGL-6.8.2-31.i386.
Installing xorg-x11-Mesa-libGLU-6.8.2-31.i386.
Installing freeglut-2.2.0-16.i386.
Installing libtiff-3.7.1-6.i386.
Installing cups-libs-1.1.23-15.i386.
Installing acpid-1.0.4-1.i386.
Installing bind-9.3.1-4.i386.
Installing bluez-utils-2.15-7.i386.
Installing caching-nameserver-7.3-3.noarch.
Installing cpuspeed-1.2.1-1.21.i386.
Installing cups-1.1.23-15.i386.
Installing cyrus-sasl-plain-2.1.20-5.i386.
Installing dhclient-3.0.2-12.i386.
Installing dhcpv6_client-0.10-13.i386.
Installing diskdumputils-1.0.1-6.i386.
Installing ipsec-tools-0.5-4.i386.
Installing autofs-4.1.4-5.i386.
Installing gnupg-1.4.1-3.i386.
Installing nss_ldap-234-4.i386.
Installing openssh-4.0p1-3.i386.
Installing openssh-clients-4.0p1-3.i386.
Installing netdump-0.7.7-6.i386.
Installing openssh-server-4.0p1-3.i386.
Installing portmap-4.0-65.i386.
Installing sendmail-8.13.4-2.i386.
Installing mdadm-1.11.0-4.fc4.i386.
Installing vixie-cron-4.1-33.i386.
Installing redhat-lsb-1.3-10.i386.
Installing which-2.16-6.i386.
Installing htmlview-3.0.0-11.noarch.
Installing pinfo-0.6.8-11.i386.
Installing ypbind-1.17.2-5.i386.
Installing yp-tools-2.8-8.i386.
Installing yum-2.3.2-7.noarch.
Installing libpcap-0.8.3-12.i386.
Installing isdn4k-utils-3.2-28.i386.
Installing mkbootdisk-1.5.2-5.i386.
Installing NetworkManager-0.4-15.cvs20050404.i386.
Installing nfs-utils-1.0.7-8.i386.
Installing pcmcia-cs-3.2.8-4.12.i386.
Installing pm-utils-0.01-1.i386.
Installing apmd-3.2.2-3.i386.
Installing ppp-2.4.2-7.i386.
Installing quota-3.12-6.i386.
Installing rp-pppoe-3.5-27.i386.
Installing system-config-network-tui-1.3.26-1.noarch.
Installing up2date-4.4.23-4.i386.
Installing wvdial-1.54.0-5.i386.
Installing libidn-0.5.15-1.i386.
Installing elinks-0.10.3-3.i386.
Installing cadaver-0.22.2-2.i386.
Installing slrn-0.9.8.1-4.i386.
Installing fetchmail-6.2.5-7.i386.
Installing mutt-1.4.2.1-2.i386.
Installing apr-0.9.6-3.i386.
Installing atk-1.9.1-1.i386.
Installing libart_lgpl-2.3.17-2.i386.
Installing gmp-4.1.4-6.i386.
Installing libtool-ltdl-1.5.16.multilib2-1.i386.
Installing perl-URI-1.35-2.noarch.
Installing cpp-4.0.0-8.i386.
Installing curl-7.13.1-3.i386.
Installing gd-2.0.33-2.i386.
Installing pango-1.8.1-2.i386.
Installing gtk2-2.6.7-4.i386.
Installing libgcj-4.0.0-8.i386.
Installing gjdoc-0.7.4-5.i386.
Installing gnu-crypto-jce-jdk1.4-2.0.1-1jpp_5fc.noarch.
Installing gnu-crypto-sasl-jdk1.4-2.0.1-1jpp_5fc.noarch.
Installing gnu-crypto-2.0.1-1jpp_5fc.noarch.
Installing libgcj-devel-4.0.0-8.i386.
Installing zlib-devel-1.2.2.2-3.i386.
Installing java-1.4.2-gcj-compat-1.4.2.0-40jpp_31rh.i386.
Installing jessie-1.0.0-8.noarch.
Installing glibc-kernheaders-2.4-9.1.94.i386.
Installing glibc-headers-2.3.5-10.i386.
Installing glibc-devel-2.3.5-10.i386.
Installing gcc-4.0.0-8.i386.
Installing gcc-java-4.0.0-8.i386.
Installing apr-util-0.9.6-2.i386.
Installing httpd-2.0.54-10.i386.
Installing libglade2-2.5.1-2.i386.
Installing pygtk2-2.6.0-2.i386.
Installing pygtk2-libglade-2.6.0-2.i386.
Installing samba-common-3.0.14a-2.i386.
Installing samba-3.0.14a-2.i386.
Installing samba-client-3.0.14a-2.i386.
Installing system-config-samba-1.2.31-1.noarch.
Installing dmidecode-2.6-1.14.i386.
Installing mpage-2.5.4-5.i386.
Installing enscript-1.6.1-31.i386.
Installing lm_sensors-2.8.8-5.i386.
Installing perl-DateManip-5.42a-4.noarch.
Installing perl-HTML-Tagset-3.04-1.noarch.
Installing perl-HTML-Parser-3.45-1.i386.
Installing perl-Parse-Yapp-1.05-33.noarch.
Installing pnm2ppa-1.04-13.i386.
Installing psutils-1.17-25.i386.
Installing ghostscript-fonts-5.50-13.noarch.
Installing libxslt-1.1.14-2.i386.
Installing perl-Compress-Zlib-1.34-2.i386.
Installing perl-libwww-perl-5.803-2.noarch.
Installing perl-XML-Parser-2.34-6.i386.
Installing perl-libxml-perl-0.08-1.noarch.
Installing perl-XML-Dumper-0.71-4.noarch.
Installing perl-XML-Encoding-1.01-27.noarch.
Installing perl-libxml-enno-1.02-31.noarch.
Installing alchemist-1.0.36-1.i386.
Installing PyXML-0.8.4-3.i386.
Installing a2ps-4.13b-46.i386.
Installing ttmkfdir-3.0.9-16.i386.
Installing xorg-x11-font-utils-6.8.2-31.i386.
Installing net-snmp-5.2.1-12.i386.
Installing net-snmp-libs-5.2.1-12.i386.
Installing foomatic-3.0.2-19.i386.
Installing xorg-x11-xfs-6.8.2-31.i386.
Installing chkfontpath-1.10.0-4.i386.
Installing urw-fonts-2.3-1.noarch.
Installing ghostscript-7.07-40.i386.
Installing hpijs-1.7.1-3.i386.
Installing system-config-printer-0.6.131-1.i386.
Installing hal-cups-utils-0.5.3-3.i386.
Installing gnome-mime-data-2.4.2-1.i386.
Installing libIDL-0.8.5-2.i386.
Installing alsa-lib-1.0.9rc4-2.i386.
Installing audiofile-0.2.6-2.i386.
Installing esound-0.2.35-5.i386.
Installing gamin-0.1.0-1.1.i386.
Installing howl-0.9.8-3.i386.
Installing howl-libs-0.9.8-3.i386.
Installing ORBit2-2.12.1-3.i386.
Installing libbonobo-2.8.1-1.i386.
Installing pyorbit-2.0.1-4.i386.
Installing 4Suite-1.0-8.b1.i386.
Installing shared-mime-info-0.16-3.i386.
Installing startup-notification-0.8-2.i386.
Installing gnome-keyring-0.4.2-1.i386.
Installing libgnomecanvas-2.10.0-1.i386.
Installing gail-1.8.3-2.i386.
Installing libwnck-2.10.0-3.i386.
Installing xorg-x11-xauth-6.8.2-31.i386.
Installing GConf2-2.10.0-4.i386.
Installing system-config-securitylevel-1.5.8-1.i386.
Installing usermode-gtk-1.80-1.i386.
Installing system-config-services-0.8.25-1.noarch.
Installing gnome-vfs2-2.10.0-5.i386.
Installing gnome-python2-gnomevfs-2.10.0-1.i386.
Installing gtkhtml2-2.6.3-1.i386.
Installing libgnome-2.10.0-3.i386.
Installing libbonoboui-2.8.1-4.i386.
Installing libgnomeui-2.10.0-1.i386.
Installing gnome-python2-2.10.0-1.i386.
Installing gnome-python2-bonobo-2.10.0-1.i386.
Installing gnome-python2-canvas-2.10.0-1.i386.
Installing gnome-python2-extras-2.10.0-2.1.i386.
Installing gnome-python2-gtkhtml2-2.10.0-2.1.i386.
Installing system-config-httpd-1.3.2-2.noarch.
Installing system-config-nfs-1.3.10-1.noarch.
Installing system-config-printer-gui-0.6.131-1.i386.
Installing libcap-1.10-22.i386.
Installing libogg-1.1.2-2.i386.
Installing libvorbis-1.1.0-2.i386.
Installing alsa-utils-1.0.9rc2-2.i386.
Installing sox-12.17.7-3.i386.
Installing comps-extras-10.3-1.noarch.
Installing dbus-python-0.33-3.i386.
Installing ntp-4.2.0.a.20040617-8.i386.
Installing authconfig-gtk-4.6.12-1.i386.
Installing system-config-keyboard-1.2.6-2.noarch.
Installing system-config-language-1.1.9-2.noarch.
Installing system-config-rootpassword-1.1.7-2.noarch.
Installing system-config-date-1.7.18-1.noarch.
Installing system-config-users-1.2.38-1.noarch.
Installing system-config-lvm-0.9.32-1.0.noarch.
Installing system-config-network-1.3.26-1.noarch.
Installing system-config-packages-1.2.25-1.noarch.
Installing system-config-soundcard-1.2.11-5.noarch.
Installing desktop-backgrounds-basic-2.0-29.noarch.
Installing libdv-0.103-4.i386.
Installing libexif-0.6.12-3.i386.
Installing libieee1284-0.2.9-2.i386.
Installing libraw1394-1.1.0-3.i386.
Installing libavc1394-0.4.1-8.i386.
Installing flac-1.1.2-25.i386.
Installing libmusicbrainz-2.1.1-1.i386.
Installing libtheora-1.0alpha4-2.i386.
Installing mkisofs-2.01.1-9.i386.
Installing bitstream-vera-fonts-1.10-5.noarch.
Installing cdparanoia-libs-alpha9.8-25.i386.
Installing cdrecord-2.01.1-9.i386.
Installing mozilla-nspr-1.7.8-2.i386.
Installing mozilla-nss-1.7.8-2.i386.
Installing speex-1.0.4-5.i386.
Installing switchdesk-4.0.6-3.noarch.
Installing bitmap-fonts-0.3-4.noarch.
Installing gnutls-1.0.25-1.i386.
Installing libmng-1.0.9-1.i386.
Installing gstreamer-0.8.10-1.i386.
Installing libcroco-0.6.0-5.i386.
Installing libsoup-2.2.3-2.i386.
Installing intltool-0.33-2.i386.
Installing pilot-link-0.12.0-0.pre2.0.i386.
Installing sgml-common-0.6.3-17.noarch.
Installing openjade-1.3.2-16.i386.
Installing vim-common-6.3.071-3.i386.
Installing vim-enhanced-6.3.071-3.i386.
Installing xml-common-0.6.3-17.noarch.
Installing docbook-dtds-1.0-26.noarch.
Installing scrollkeeper-0.3.14-5.i386.
Installing qt-3.3.4-14.i386.
Installing arts-1.4.0-1.i386.
Installing SDL-1.2.8-3.2.i386.
Installing synaptics-0.14.0-2.i386.
Installing vnc-server-4.1.1-10.i386.
Installing gtk2-engines-2.6.3-2.i386.
Installing hicolor-icon-theme-0.8-2.noarch.
Installing gnome-icon-theme-2.10.1-4.noarch.
Installing poppler-0.3.2-1.i386.
Installing redhat-artwork-0.122-10.i386.
Installing vte-0.11.13-2.fc4.i386.
Installing xsri-2.1.0-9.i386.
Installing xterm-200-6.i386.
Installing xorg-x11-twm-6.8.2-31.i386.
Installing sane-backends-1.0.15-9.i386.
Installing libgnomecups-0.2.0-2.i386.
Installing metacity-2.10.0-1.i386.
Installing openssh-askpass-4.0p1-3.i386.
Installing openssh-askpass-gnome-4.0p1-3.i386.
Installing rhgb-0.16.2-3.i386.
Installing xinitrc-4.0.18-1.noarch.
Installing fonts-xorg-100dpi-6.8.2-1.noarch.
Installing fonts-xorg-75dpi-6.8.2-1.noarch.
Installing fonts-xorg-base-6.8.2-1.noarch.
Installing gimp-print-4.2.7-7.i386.
Installing libgnomeprint22-2.10.3-1.i386.
Installing libgnomeprintui22-2.10.1-1.i386.
Installing gnome-menus-2.10.1-3.i386.
Installing gnome-vfs2-smb-2.10.0-5.i386.
Installing gstreamer-plugins-0.8.8-6.i386.
Installing evince-0.3.1-1.i386.
Installing evolution-data-server-1.2.2-3.i386.
Installing gnome-desktop-2.10.0-5.i386.
Installing gnome-panel-2.10.1-10.i386.
Installing gnome-pilot-2.0.13-2.i386.
Installing krb5-auth-dialog-0.2-5.i386.
Installing libgsf-1.11.1-2.i386.
Installing librsvg2-2.9.5-2.i386.
Installing eel2-2.10.0-2.i386.
Installing gdm-2.6.0.8-16.i386.
Installing mozilla-1.7.8-2.i386.
Installing nautilus-2.10.0-4.i386.
Installing nautilus-cd-burner-2.10.0-2.i386.
Installing gnome-media-2.10.2-4.i386.
Installing up2date-gnome-4.4.23-4.i386.
Installing rhn-applet-2.1.17-3.i386.
Installing xorg-x11-6.8.2-31.i386.
Installing linuxwacom-0.6.6-5.i386.
Installing system-config-display-1.0.29-1.noarch.
Installing firstboot-1.3.42-1.noarch.
Installing xorg-x11-tools-6.8.2-31.i386.
Installing glib-1.2.10-16.i386.
Installing gtk+-1.2.10-39.i386.
Installing libungif-4.1.3-3.i386.
Installing tetex-fonts-3.0-4.i386.
Installing gdk-pixbuf-0.22.0-18.i386.
Installing imlib-1.9.13-24.i386.
Installing kdelibs-3.4.0-6.i386.
Installing xorg-x11-xdm-6.8.2-31.i386.
Installing kdebase-3.4.0-5.i386.
Installing kdepim-3.4.0-4.i386.
Installing kdemultimedia-3.4.0-2.i386.
Installing gphoto2-2.1.5-10.i386.
Installing kdegraphics-3.4.0-2.i386.
Installing gnome-audio-2.0.0-3.noarch.
Installing libgtop2-2.10.1-1.i386.
Installing festival-1.95-3.i386.
Installing gnome-speech-0.3.6-1.i386.
Installing gnome-doc-utils-0.2.0-2.noarch.
Installing pyparted-1.6.9-3.i386.
Installing gnome-user-docs-2.8.1-2.noarch.
Installing dbus-x11-0.33-3.i386.
Installing libxklavier-2.0-1.i386.
Installing gnome-themes-2.10.1-2.i386.
Installing gtk-engines-0.12-7.i386.
Installing gnome-kerberos-0.3.3-2.i386.
Installing at-spi-1.6.3-1.i386.
Installing gnome-mag-0.12.0-2.i386.
Installing gimp-print-utils-4.2.7-7.i386.
Installing gtksourceview-1.2.0-1.i386.
Installing xscreensaver-base-4.21-4.i386.
Installing desktop-printing-0.18-10.i386.
Installing gconf-editor-2.10.0-5.i386.
Installing gnome-keyring-manager-0.0.4-3.i386.
Installing gnome-netstatus-2.10.0-4.i386.
Installing gnome-applets-2.10.1-9.i386.
Installing gnome-system-monitor-2.10.0-2.i386.
Installing gnome-terminal-2.10.0-2.i386.
Installing gnome-utils-2.10.0-3.i386.
Installing gok-1.0.3-1.i386.
Installing gthumb-2.6.5-1.i386.
Installing hwbrowser-0.21-1.noarch.
Installing libgail-gnome-1.1.0-5.i386.
Installing gnopernicus-0.10.6-1.i386.
Installing gedit-2.10.2-3.i386.
Installing control-center-2.10.1-6.i386.
Installing file-roller-2.10.0-1.i386.
Installing gnome-volume-manager-1.3.1-1.i386.
Installing gnome-session-2.10.0-2.i386.
Installing NetworkManager-gnome-0.4-15.cvs20050404.i386.
Installing vino-2.10.0-4.i386.
Installing yelp-2.10.0-1.i386.
Installing pciutils-devel-2.1.99.test8-10.i386.
Installing kudzu-devel-1.1.116.2-2.i386.
Installing byacc-1.9-29.i386.
Installing ctags-5.5.4-3.i386.
Installing diffstat-1.38-2.i386.
Installing expat-devel-1.95.8-6.i386.
Installing flex-2.5.4a-34.i386.
Installing hesiod-devel-3.0.2-31.i386.
Installing libattr-devel-2.4.16-5.i386.
Installing libacl-devel-2.2.23-8.i386.
Installing libcap-devel-1.10-22.i386.
Installing libgfortran-4.0.0-8.i386.
Installing libogg-devel-1.1.2-2.i386.
Installing libselinux-devel-1.23.10-2.i386.
Installing db4-devel-4.3.27-3.i386.
Installing db4-utils-4.3.27-3.i386.
Installing doxygen-1.4.2-1.i386.
Installing libstdc++-devel-4.0.0-8.i386.
Installing libvorbis-devel-1.1.0-2.i386.
Installing ltrace-0.3.36-3.i386.
Installing boost-1.32.0-6.i386.
Installing boost-devel-1.32.0-6.i386.
Installing bzip2-devel-1.0.2-16.i386.
Installing libtermcap-devel-2.0.8-41.i386.
Installing libusb-devel-0.1.10a-1.i386.
Installing cscope-15.5-12.i386.
Installing dialog-1.0.20050306-1.i386.
Installing automake14-1.4p6-12.noarch.
Installing ncurses-devel-5.4-17.i386.
Installing patchutils-0.2.30-4.i386.
Installing perl-Convert-ASN1-0.19-1.noarch.
Installing perl-XML-NamespaceSupport-1.08-7.noarch.
Installing perl-XML-SAX-0.12-7.noarch.
Installing pkgconfig-0.15.0-6.i386.
Installing glib2-devel-2.6.4-1.i386.
Installing pstack-1.2-4.i386.
Installing rcs-5.7-28.i386.
Installing redhat-rpm-config-8.0.34-1.noarch.
Installing dbus-devel-0.33-3.i386.
Installing lockdev-devel-1.0.1-7.i386.
Installing strace-4.5.11-1.i386.
Installing swig-1.3.24-2.i386.
Installing valgrind-2.4.0-2.i386.
Installing valgrind-callgrind-0.9.11-1.i386.
Installing e2fsprogs-devel-1.37-4.i386.
Installing gdb-6.3.0.0-1.21.i386.
Installing gdbm-devel-1.8.0-25.i386.
Installing gmp-devel-4.1.4-6.i386.
Installing gpm-devel-1.20.1-71.i386.
Installing indent-2.2.9-8.i386.
Installing krb5-devel-1.4-3.i386.
Installing krbafs-devel-1.2.2-7.i386.
Installing libidn-devel-0.5.15-1.i386.
Installing autoconf-2.59-5.noarch.
Installing automake17-1.7.9-6.noarch.
Installing automake-1.9.5-1.noarch.
Installing automake15-1.5-13.noarch.
Installing automake16-1.6.3-5.noarch.
Installing bison-2.0-6.i386.
Installing perl-Crypt-SSLeay-0.51-6.i386.
Installing perl-LDAP-0.33-1.noarch.
Installing perl-XML-LibXML-Common-0.13-8.i386.
Installing perl-XML-LibXML-1.58-2.i386.
Installing perl-XML-Grove-0.46alpha-27.noarch.
Installing perl-XML-Twig-3.17-1.noarch.
Installing python-devel-2.4.1-2.i386.
Installing readline-devel-5.0-3.i386.
Installing pam-devel-0.79-8.i386.
Installing slang-devel-1.4.9-17.i386.
Installing newt-devel-0.51.6-7.i386.
Installing rpm-build-4.4.1-21.i386.
Installing sqlite-devel-3.1.2-3.i386.
Installing cvs-1.11.19-8.i386.
Installing tetex-3.0-4.i386.
Installing texinfo-4.8-4.i386.
Installing libxml2-devel-2.6.19-1.i386.
Installing openssl-devel-0.9.7f-7.i386.
Installing curl-devel-7.13.1-3.i386.
Installing neon-devel-0.24.7-6.i386.
Installing rpm-devel-4.4.1-21.i386.
Installing cyrus-sasl-devel-2.1.20-5.i386.
Installing gcc-c++-4.0.0-8.i386.
Installing gcc-gfortran-4.0.0-8.i386.
Installing libtool-1.5.16.multilib2-1.i386.
Installing libuser-devel-0.53.7-1.i386.
Installing openldap-devel-2.2.23-5.i386.
Installing python-ldap-2.0.6-4.i386.
Installing oprofile-0.8.2-4.i386.
Installing autorun-3.16-1.i386.
Installing htdig-3.2.0b6-5.i386.
Installing kdeartwork-3.4.0-1.i386.
Installing kdenetwork-3.4.0-3.i386.
Installing kdeaddons-3.4.0-2.i386.
Installing kdeutils-3.4.0-1.i386.
Installing compat-libstdc++-296-2.96-132.fc4.i386.
Installing compat-gcc-32-3.2.3-47.fc4.i386.
Installing open-1.4-24.i386.
Installing nmap-3.81-3.i386.
Installing ckermit-8.0.211-1.i386.
Installing screen-4.0.2-9.i386.
Installing xdelta-1.1.3-16.i386.
Installing zsh-4.2.1-2.i386.
Installing bluez-pin-0.24-2.i386.
Installing openldap-clients-2.2.23-5.i386.
Installing comps-4-0.20050606.i386.


The following packages were available in this version but NOT installed:
Canna-3.7p3-13.i386.rpm
Canna-devel-3.7p3-13.i386.rpm
Canna-libs-3.7p3-13.i386.rpm
ElectricFence-2.2.2-20.i386.rpm
GConf-1.0.9-16.i386.rpm
GConf-devel-1.0.9-16.i386.rpm
GConf2-devel-2.10.0-4.i386.rpm
GFS-6.1-0.pre22.6.i386.rpm
GFS-kernel-2.6.11.8-20050601.152643.FC4.2.i586.rpm
GFS-kernel-2.6.11.8-20050601.152643.FC4.2.i686.rpm
GFS-kernel-smp-2.6.11.8-20050601.152643.FC4.2.i686.rpm
GFS-kernel-xen0-2.6.11.8-20050601.152643.FC4.2.i686.rpm
GFS-kernel-xenU-2.6.11.8-20050601.152643.FC4.2.i686.rpm
GFS-kernheaders-2.6.11.8-20050601.152643.FC4.2.i586.rpm
GFS-kernheaders-2.6.11.8-20050601.152643.FC4.2.i686.rpm
Guppi-0.40.3-23.i386.rpm
Guppi-devel-0.40.3-23.i386.rpm
HelixPlayer-1.0.4-4.i386.rpm
ImageMagick-6.2.2.0-2.i386.rpm
ImageMagick-c++-6.2.2.0-2.i386.rpm
ImageMagick-c++-devel-6.2.2.0-2.i386.rpm
ImageMagick-devel-6.2.2.0-2.i386.rpm
ImageMagick-perl-6.2.2.0-2.i386.rpm
MyODBC-2.50.39-24.i386.rpm
MySQL-python-1.2.0-1.i386.rpm
NetworkManager-devel-0.4-15.cvs20050404.i386.rpm
NetworkManager-glib-0.4-15.cvs20050404.i386.rpm
ORBit-0.5.17-15.i386.rpm
ORBit-devel-0.5.17-15.i386.rpm
ORBit2-devel-2.12.1-3.i386.rpm
OpenIPMI-1.4.11-5.i386.rpm
OpenIPMI-devel-1.4.11-5.i386.rpm
PyQt-3.14.1-1.i386.rpm
PyQt-devel-3.14.1-1.i386.rpm
PyQt-examples-3.14.1-1.i386.rpm
Pyrex-0.9.3-1.noarch.rpm
SDL-devel-1.2.8-3.2.i386.rpm
VFlib2-2.25.6-28.i386.rpm
VFlib2-VFjfm-2.25.6-28.i386.rpm
VFlib2-conf-ja-2.25.6-28.i386.rpm
VFlib2-devel-2.25.6-28.i386.rpm
VFlib2-xtools-2.25.6-28.i386.rpm
Xaw3d-1.5E-4.i386.rpm
Xaw3d-devel-1.5E-4.i386.rpm
adjtimex-1.20-1.i386.rpm
alchemist-devel-1.0.36-1.i386.rpm
alsa-lib-devel-1.0.9rc4-2.i386.rpm
am-utils-6.0.9-12.i386.rpm
amanda-2.4.5-2.i386.rpm
amanda-client-2.4.5-2.i386.rpm
amanda-devel-2.4.5-2.i386.rpm
amanda-server-2.4.5-2.i386.rpm
anaconda-10.2.1.5-2.i386.rpm
anaconda-help-10.1.0-1.noarch.rpm
anaconda-runtime-10.2.1.5-2.i386.rpm
ant-1.6.2-3jpp_8fc.i386.rpm
ant-antlr-1.6.2-3jpp_8fc.i386.rpm
ant-apache-bcel-1.6.2-3jpp_8fc.i386.rpm
ant-apache-log4j-1.6.2-3jpp_8fc.i386.rpm
ant-apache-oro-1.6.2-3jpp_8fc.i386.rpm
ant-apache-regexp-1.6.2-3jpp_8fc.i386.rpm
ant-apache-resolver-1.6.2-3jpp_8fc.i386.rpm
ant-commons-logging-1.6.2-3jpp_8fc.i386.rpm
ant-javadoc-1.6.2-3jpp_8fc.i386.rpm
ant-javamail-1.6.2-3jpp_8fc.i386.rpm
ant-jdepend-1.6.2-3jpp_8fc.i386.rpm
ant-jmf-1.6.2-3jpp_8fc.i386.rpm
ant-jsch-1.6.2-3jpp_8fc.i386.rpm
ant-junit-1.6.2-3jpp_8fc.i386.rpm
ant-manual-1.6.2-3jpp_8fc.i386.rpm
ant-nodeps-1.6.2-3jpp_8fc.i386.rpm
ant-scripts-1.6.2-3jpp_8fc.i386.rpm
ant-swing-1.6.2-3jpp_8fc.i386.rpm
ant-trax-1.6.2-3jpp_8fc.i386.rpm
antlr-2.7.4-2jpp_1fc.noarch.rpm
antlr-javadoc-2.7.4-2jpp_1fc.noarch.rpm
antlr-manual-2.7.4-2jpp_1fc.noarch.rpm
apel-10.6-6.noarch.rpm
apr-devel-0.9.6-3.i386.rpm
apr-util-devel-0.9.6-2.i386.rpm
aqbanking-1.0.4beta-2.i386.rpm
aqbanking-devel-1.0.4beta-2.i386.rpm
aqhbci-1.0.2beta-2.i386.rpm
aqhbci-devel-1.0.2beta-2.i386.rpm
arptables_jf-0.0.8-4.i386.rpm
arpwatch-2.1a13-12.i386.rpm
arts-devel-1.4.0-1.i386.rpm
aspell-af-0.50-2.i386.rpm
aspell-bg-0.50-9.i386.rpm
aspell-br-0.50-2.i386.rpm
aspell-ca-0.50-2.i386.rpm
aspell-cs-0.51-2.i386.rpm
aspell-cy-0.50-2.i386.rpm
aspell-da-0.50-11.i386.rpm
aspell-de-0.50-10.i386.rpm
aspell-devel-0.50.5-6.i386.rpm
aspell-el-0.50-2.i386.rpm
aspell-es-0.50-11.i386.rpm
aspell-fo-0.51-2.i386.rpm
aspell-fr-0.50-8.i386.rpm
aspell-ga-0.50-2.i386.rpm
aspell-gd-0.50-2.i386.rpm
aspell-gl-0.50-2.i386.rpm
aspell-hr-0.51-2.i386.rpm
aspell-id-0.50.1-2.i386.rpm
aspell-is-0.51.1-1.i386.rpm
aspell-it-0.53-2.i386.rpm
aspell-nl-0.50-6.i386.rpm
aspell-no-0.50.1-8.i386.rpm
aspell-pl-0.51-3.i386.rpm
aspell-pt-0.50-9.i386.rpm
aspell-sv-0.50-7.i386.rpm
at-spi-devel-1.6.3-1.i386.rpm
atk-devel-1.9.1-1.i386.rpm
audiofile-devel-0.2.6-2.i386.rpm
audit-libs-devel-0.8.2-1.i386.rpm
authd-1.4.3-4.devel.i386.rpm
autoconf213-2.13-10.noarch.rpm
avalon-framework-4.1.4-2jpp_5fc.noarch.rpm
avalon-framework-javadoc-4.1.4-2jpp_5fc.noarch.rpm
avalon-framework-manual-4.1.4-2jpp_5fc.noarch.rpm
avalon-logkit-1.2-2jpp_4fc.noarch.rpm
avalon-logkit-javadoc-1.2-2jpp_4fc.noarch.rpm
awesfx-0.5.0d-2.i386.rpm
bcel-5.1-1jpp_4fc.noarch.rpm
bcel-javadoc-5.1-1jpp_4fc.noarch.rpm
beecrypt-devel-4.1.2-8.i386.rpm
beecrypt-python-4.1.2-8.i386.rpm
bg5ps-1.3.0-19.i386.rpm
bind-chroot-9.3.1-4.i386.rpm
bind-devel-9.3.1-4.i386.rpm
bind-libbind-devel-9.3.1-4.i386.rpm
bind-sdb-9.3.1-4.i386.rpm
bison-devel-2.0-6.i386.rpm
bitmap-fonts-cjk-0.3-4.noarch.rpm
bluez-libs-devel-2.15-1.i386.rpm
bluez-utils-cups-2.15-7.i386.rpm
bogl-0.1.18-7.i386.rpm
bogl-bterm-0.1.18-7.i386.rpm
bogl-devel-0.1.18-7.i386.rpm
bootparamd-0.17-22.devel.i386.rpm
booty-0.53-1.i386.rpm
bridge-utils-1.0.4-6.i386.rpm
bridge-utils-devel-1.0.4-6.i386.rpm
brltty-3.2-10.i386.rpm
bug-buddy-2.10.0-1.i386.rpm
busybox-1.00-4.i386.rpm
busybox-anaconda-1.00-4.i386.rpm
ccs-0.25-0.17.i386.rpm
ccs-devel-0.25-0.17.i386.rpm
cdda2wav-2.01.1-9.i386.rpm
cdicconf-0.2-11.i386.rpm
cdparanoia-alpha9.8-25.i386.rpm
cdparanoia-devel-alpha9.8-25.i386.rpm
cdrdao-1.1.9-9.i386.rpm
cdrecord-devel-2.01.1-9.i386.rpm
classpathx-jaf-1.0-2jpp_3fc.noarch.rpm
classpathx-jaf-javadoc-1.0-2jpp_3fc.noarch.rpm
classpathx-mail-1.0-3jpp_1fc.noarch.rpm
classpathx-mail-javadoc-1.0-3jpp_1fc.noarch.rpm
cleanfeed-0.95.7b-21.noarch.rpm
cman-1.0-0.pre33.15.i386.rpm
cman-kernel-2.6.11.5-20050601.152643.FC4.2.i586.rpm
cman-kernel-2.6.11.5-20050601.152643.FC4.2.i686.rpm
cman-kernel-smp-2.6.11.5-20050601.152643.FC4.2.i686.rpm
cman-kernel-xen0-2.6.11.5-20050601.152643.FC4.2.i686.rpm
cman-kernel-xenU-2.6.11.5-20050601.152643.FC4.2.i686.rpm
cman-kernheaders-2.6.11.5-20050601.152643.FC4.2.i586.rpm
cman-kernheaders-2.6.11.5-20050601.152643.FC4.2.i686.rpm
compat-db-4.2.52-2.i386.rpm
compat-gcc-32-c++-3.2.3-47.fc4.i386.rpm
compat-gcc-32-g77-3.2.3-47.fc4.i386.rpm
compat-libf2c-32-3.2.3-47.fc4.i386.rpm
compat-libgcc-296-2.96-132.fc4.i386.rpm
compat-libstdc++-33-3.2.3-47.fc4.i386.rpm
compat-openldap-2.2.23_2.1.30-5.i386.rpm
compat-readline43-4.3-2.i386.rpm
compat-slang-1.4.5-10.i386.rpm
cpufreq-utils-0.2-1.1.14.i386.rpm
createrepo-0.4.2-2.noarch.rpm
cryptix-3.2.0-4jpp_1fc.noarch.rpm
cryptix-asn1-20011119-4jpp_1fc.noarch.rpm
cryptix-asn1-javadoc-20011119-4jpp_1fc.noarch.rpm
cryptix-javadoc-3.2.0-4jpp_1fc.noarch.rpm
crypto-utils-2.2-5.i386.rpm
cryptsetup-luks-1.0-1.i386.rpm
cups-devel-1.1.23-15.i386.rpm
cups-lpd-1.1.23-15.i386.rpm
cyrus-sasl-gssapi-2.1.20-5.i386.rpm
cyrus-sasl-ntlm-2.1.20-5.i386.rpm
cyrus-sasl-sql-2.1.20-5.i386.rpm
dasher-3.2.15-1.i386.rpm
db4-tcl-4.3.27-3.i386.rpm
dcraw-0.0.20050227-1.i386.rpm
ddd-3.3.10-2.i386.rpm
dejagnu-1.4.4-4.noarch.rpm
devhelp-0.10-1.i386.rpm
devhelp-devel-0.10-1.i386.rpm
device-mapper-multipath-0.4.4-2.3.i386.rpm
dhcp-3.0.2-12.i386.rpm
dhcp-devel-3.0.2-12.i386.rpm
dhcpv6-0.10-13.i386.rpm
dia-0.94-11.i386.rpm
dictd-1.9.7-8.i386.rpm
distcache-1.4.5-7.i386.rpm
distcache-devel-1.4.5-7.i386.rpm
dlm-1.0-0.pre21.10.i386.rpm
dlm-devel-1.0-0.pre21.10.i386.rpm
dlm-kernel-2.6.11.5-20050601.152643.FC4.2.i586.rpm
dlm-kernel-2.6.11.5-20050601.152643.FC4.2.i686.rpm
dlm-kernel-smp-2.6.11.5-20050601.152643.FC4.2.i686.rpm
dlm-kernel-xen0-2.6.11.5-20050601.152643.FC4.2.i686.rpm
dlm-kernel-xenU-2.6.11.5-20050601.152643.FC4.2.i686.rpm
dlm-kernheaders-2.6.11.5-20050601.152643.FC4.2.i586.rpm
dlm-kernheaders-2.6.11.5-20050601.152643.FC4.2.i686.rpm
docbook-simple-1.0-2.noarch.rpm
docbook-slides-3.3.1-2.noarch.rpm
docbook-style-dsssl-1.79-1.noarch.rpm
docbook-style-xsl-1.68.1-1.noarch.rpm
docbook-utils-0.6.14-4.noarch.rpm
docbook-utils-pdf-0.6.14-4.noarch.rpm
dovecot-0.99.14-4.fc4.i386.rpm
doxygen-doxywizard-1.4.2-1.i386.rpm
dtach-0.7-1.i386.rpm
dvd+rw-tools-5.21.4.10.8-6.i386.rpm
dvgrab-1.7-3.i386.rpm
eclipse-bugzilla-0.1.0_fc-16.i386.rpm
eclipse-cdt-3.0.0_fc-0.M6.7.i386.rpm
eclipse-changelog-2.0.1_fc-21.i386.rpm
eclipse-ecj-3.1.0_fc-0.M6.22.i386.rpm
eclipse-jdt-3.1.0_fc-0.M6.22.i386.rpm
eclipse-jdt-devel-3.1.0_fc-0.M6.22.i386.rpm
eclipse-pde-3.1.0_fc-0.M6.22.i386.rpm
eclipse-pde-devel-3.1.0_fc-0.M6.22.i386.rpm
eclipse-platform-3.1.0_fc-0.M6.22.i386.rpm
eclipse-platform-devel-3.1.0_fc-0.M6.22.i386.rpm
eclipse-pydev-0.9.3_fc-7.i386.rpm
eel2-devel-2.10.0-2.i386.rpm
efax-0.9-24.i386.rpm
elfutils-devel-0.108-1.i386.rpm
elfutils-libelf-devel-0.108-1.i386.rpm
emacs-21.4-5.i386.rpm
emacs-common-21.4-5.i386.rpm
emacs-el-21.4-5.i386.rpm
emacs-leim-21.4-5.i386.rpm
emacs-nox-21.4-5.i386.rpm
emacspeak-21.0-2.i386.rpm
eog-2.10.0-1.i386.rpm
epic-1.0.1-20.i386.rpm
epiphany-1.6.1-3.i386.rpm
epiphany-devel-1.6.1-3.i386.rpm
eruby-1.0.5-5.i386.rpm
eruby-devel-1.0.5-5.i386.rpm
eruby-libs-1.0.5-5.i386.rpm
esound-devel-0.2.35-5.i386.rpm
ethereal-0.10.11-2.i386.rpm
ethereal-gnome-0.10.11-2.i386.rpm
evolution-2.2.2-5.i386.rpm
evolution-connector-2.2.2-5.i386.rpm
evolution-data-server-devel-1.2.2-3.i386.rpm
evolution-devel-2.2.2-5.i386.rpm
evolution-webcal-2.2.0-1.i386.rpm
expect-5.43.0-1.i386.rpm
expect-devel-5.43.0-1.i386.rpm
expectk-5.43.0-1.i386.rpm
fence-1.27-16.i386.rpm
festival-devel-1.95-3.i386.rpm
finger-server-0.17-28.i386.rpm
firefox-1.0.4-4.i386.rpm
flac-devel-1.1.2-25.i386.rpm
fontconfig-devel-2.2.3-13.i386.rpm
fonts-ISO8859-2-1.0-14.noarch.rpm
fonts-ISO8859-2-100dpi-1.0-14.noarch.rpm
fonts-ISO8859-2-75dpi-1.0-14.noarch.rpm
fonts-KOI8-R-1.0-7.noarch.rpm
fonts-KOI8-R-100dpi-1.0-7.noarch.rpm
fonts-KOI8-R-75dpi-1.0-7.noarch.rpm
fonts-arabic-1.5-3.noarch.rpm
fonts-bengali-1.10-2.noarch.rpm
fonts-chinese-2.15-2.noarch.rpm
fonts-gujarati-1.10-2.noarch.rpm
fonts-hebrew-0.100-4.noarch.rpm
fonts-hindi-1.10-2.noarch.rpm
fonts-japanese-0.20050222-3.noarch.rpm
fonts-korean-1.0.11-4.noarch.rpm
fonts-punjabi-1.10-2.noarch.rpm
fonts-tamil-1.10-2.noarch.rpm
fonts-xorg-ISO8859-14-100dpi-6.8.2-1.noarch.rpm
fonts-xorg-ISO8859-14-75dpi-6.8.2-1.noarch.rpm
fonts-xorg-ISO8859-15-100dpi-6.8.2-1.noarch.rpm
fonts-xorg-ISO8859-15-75dpi-6.8.2-1.noarch.rpm
fonts-xorg-ISO8859-2-100dpi-6.8.2-1.noarch.rpm
fonts-xorg-ISO8859-2-75dpi-6.8.2-1.noarch.rpm
fonts-xorg-ISO8859-9-100dpi-6.8.2-1.noarch.rpm
fonts-xorg-ISO8859-9-75dpi-6.8.2-1.noarch.rpm
fonts-xorg-cyrillic-6.8.2-1.noarch.rpm
fonts-xorg-syriac-6.8.2-1.noarch.rpm
fonts-xorg-truetype-6.8.2-1.noarch.rpm
freeglut-devel-2.2.0-16.i386.rpm
freeradius-1.0.2-2.i386.rpm
freeradius-mysql-1.0.2-2.i386.rpm
freeradius-postgresql-1.0.2-2.i386.rpm
freeradius-unixODBC-1.0.2-2.i386.rpm
freetype-demos-2.1.9-2.i386.rpm
freetype-devel-2.1.9-2.i386.rpm
freetype-utils-2.1.9-2.i386.rpm
fribidi-0.10.4-8.i386.rpm
fribidi-devel-0.10.4-8.i386.rpm
g-wrap-1.3.4-8.i386.rpm
g-wrap-devel-1.3.4-8.i386.rpm
gail-devel-1.8.3-2.i386.rpm
gaim-1.3.0-1.fc4.i386.rpm
gal-0.24-6.i386.rpm
gal-devel-0.24-6.i386.rpm
gamin-devel-0.1.0-1.1.i386.rpm
gamin-python-0.1.0-1.1.i386.rpm
gcc-gnat-4.0.0-8.i386.rpm
gcc-objc-4.0.0-8.i386.rpm
gd-devel-2.0.33-2.i386.rpm
gd-progs-2.0.33-2.i386.rpm
gdk-pixbuf-devel-0.22.0-18.i386.rpm
gdk-pixbuf-gnome-0.22.0-18.i386.rpm
gedit-devel-2.10.2-3.i386.rpm
genromfs-0.5.1-3.i386.rpm
gettext-devel-0.14.3-1.i386.rpm
gftp-2.0.18-2.i386.rpm
ghostscript-devel-7.07-40.i386.rpm
ghostscript-gtk-7.07-40.i386.rpm
gimp-2.2.7-4.i386.rpm
gimp-data-extras-2.0.1-1.noarch.rpm
gimp-devel-2.2.7-4.i386.rpm
gimp-gap-2.0.2-4.i386.rpm
gimp-help-2-0.1.0.7.1.noarch.rpm
gimp-print-cups-4.2.7-7.i386.rpm
gimp-print-devel-4.2.7-7.i386.rpm
gimp-print-plugin-4.2.7-7.i386.rpm
gkrellm-2.2.4-4.i386.rpm
gkrellm-daemon-2.2.4-4.i386.rpm
gkrellm-devel-2.2.4-4.i386.rpm
gkrellm-wireless-2.2.4-4.i386.rpm
glade2-2.10.0-1.i386.rpm
glib-devel-1.2.10-16.i386.rpm
glibc-2.3.5-10.i386.rpm
glibc-profile-2.3.5-10.i386.rpm
glibc-utils-2.3.5-10.i386.rpm
gnbd-1.0-0.pre14.6.i386.rpm
gnbd-kernel-2.6.11.2-20050420.133124.FC4.35.i586.rpm
gnbd-kernel-2.6.11.2-20050420.133124.FC4.35.i686.rpm
gnbd-kernel-smp-2.6.11.2-20050420.133124.FC4.35.i686.rpm
gnbd-kernel-xen0-2.6.11.2-20050420.133124.FC4.35.i686.rpm
gnbd-kernel-xenU-2.6.11.2-20050420.133124.FC4.35.i686.rpm
gnbd-kernheaders-2.6.11.2-20050420.133124.FC4.35.i586.rpm
gnbd-kernheaders-2.6.11.2-20050420.133124.FC4.35.i686.rpm
gnome-audio-extra-2.0.0-3.noarch.rpm
gnome-bluetooth-0.5.1-12.i386.rpm
gnome-bluetooth-devel-0.5.1-12.i386.rpm
gnome-bluetooth-libs-0.5.1-12.i386.rpm
gnome-desktop-devel-2.10.0-5.i386.rpm
gnome-games-2.10.0-5.i386.rpm
gnome-keyring-devel-0.4.2-1.i386.rpm
gnome-libs-1.4.1.2.90-46.i386.rpm
gnome-libs-devel-1.4.1.2.90-46.i386.rpm
gnome-mag-devel-0.12.0-2.i386.rpm
gnome-media-devel-2.10.2-4.i386.rpm
gnome-menus-devel-2.10.1-3.i386.rpm
gnome-nettool-1.2.0-1.i386.rpm
gnome-panel-devel-2.10.1-10.i386.rpm
gnome-pilot-conduits-2.0.13-1.i386.rpm
gnome-pilot-devel-2.0.13-2.i386.rpm
gnome-print-0.37-11.i386.rpm
gnome-print-devel-0.37-11.i386.rpm
gnome-python2-applet-2.10.0-2.1.i386.rpm
gnome-python2-gconf-2.10.0-1.i386.rpm
gnome-python2-gnomeprint-2.10.0-2.1.i386.rpm
gnome-python2-gtkmozembed-2.10.0-2.1.i386.rpm
gnome-python2-gtksourceview-2.10.0-2.1.i386.rpm
gnome-python2-gtkspell-2.10.0-2.1.i386.rpm
gnome-python2-libegg-2.10.0-2.1.i386.rpm
gnome-python2-libgtop2-2.10.0-2.1.i386.rpm
gnome-python2-libwnck-2.10.0-2.1.i386.rpm
gnome-python2-nautilus-cd-burner-2.10.0-2.1.i386.rpm
gnome-speech-devel-0.3.6-1.i386.rpm
gnome-spell-1.0.5-10.i386.rpm
gnome-vfs2-devel-2.10.0-5.i386.rpm
gnomemeeting-1.2.1-1.i386.rpm
gnopernicus-devel-0.10.6-1.i386.rpm
gnu-crypto-javadoc-2.0.1-1jpp_5fc.noarch.rpm
gnu.getopt-1.0.9-4jpp_1fc.noarch.rpm
gnu.getopt-javadoc-1.0.9-4jpp_1fc.noarch.rpm
gnucash-1.8.11-3.i386.rpm
gnucash-backend-postgres-1.8.11-3.i386.rpm
gnuplot-4.0.0-7.i386.rpm
gnuplot-emacs-4.0.0-7.i386.rpm
gnutls-devel-1.0.25-1.i386.rpm
gob2-2.0.11-3.i386.rpm
gok-devel-1.0.3-1.i386.rpm
gperf-3.0.1-6.i386.rpm
gphoto2-devel-2.1.5-10.i386.rpm
groff-gxditview-1.18.1.1-5.i386.rpm
groff-perl-1.18.1.1-5.i386.rpm
gsl-1.6-2.i386.rpm
gsl-devel-1.6-2.i386.rpm
gstreamer-devel-0.8.10-1.i386.rpm
gstreamer-plugins-devel-0.8.8-6.i386.rpm
gstreamer-tools-0.8.10-1.i386.rpm
gtk+-devel-1.2.10-39.i386.rpm
gtk-doc-1.3-2.noarch.rpm
gtk2-devel-2.6.7-4.i386.rpm
gtkhtml-1.1.9-11.i386.rpm
gtkhtml-devel-1.1.9-11.i386.rpm
gtkhtml2-devel-2.6.3-1.i386.rpm
gtkhtml3-3.6.2-1.i386.rpm
gtkhtml3-devel-3.6.2-1.i386.rpm
gtksourceview-devel-1.2.0-1.i386.rpm
gtkspell-2.0.7-3.i386.rpm
gtkspell-devel-2.0.7-3.i386.rpm
guile-1.6.7-2.i386.rpm
guile-devel-1.6.7-2.i386.rpm
gulm-1.0-0.pre30.1.i386.rpm
gulm-devel-1.0-0.pre30.1.i386.rpm
gwenhywfar-1.7.2-2.i386.rpm
gwenhywfar-devel-1.7.2-2.i386.rpm
h2ps-2.06-14.i386.rpm
hal-devel-0.5.2-2.i386.rpm
hal-gnome-0.5.2-2.i386.rpm
hexedit-1.2.10-4.i386.rpm
hfsutils-3.2.6-7.i386.rpm
hfsutils-devel-3.2.6-7.i386.rpm
hfsutils-x11-3.2.6-7.i386.rpm
howl-devel-0.9.8-3.i386.rpm
hpoj-0.91-13.i386.rpm
hpoj-devel-0.91-13.i386.rpm
htdig-web-3.2.0b6-5.i386.rpm
httpd-devel-2.0.54-10.i386.rpm
httpd-manual-2.0.54-10.i386.rpm
icon-slicer-0.3-7.i386.rpm
iddev-1.9-21.i386.rpm
iddev-devel-1.9-21.i386.rpm
iiimf-docs-12.2-4.i386.rpm
iiimf-emacs-12.2-4.i386.rpm
iiimf-gnome-im-switcher-12.2-4.i386.rpm
iiimf-gtk-12.2-4.i386.rpm
iiimf-le-canna-12.2-4.i386.rpm
iiimf-le-chinput-0.3-19.i386.rpm
iiimf-le-hangul-12.2-4.i386.rpm
iiimf-le-sun-thai-12.2-4.i386.rpm
iiimf-le-unit-12.2-4.i386.rpm
iiimf-le-xcin-0.1.10-1.i386.rpm
iiimf-libs-12.2-4.i386.rpm
iiimf-libs-devel-12.2-4.i386.rpm
iiimf-qt-12.2-4.i386.rpm
iiimf-server-12.2-4.i386.rpm
iiimf-x-12.2-4.i386.rpm
imlib-devel-1.9.13-24.i386.rpm
inews-2.4.2-3.i386.rpm
inn-2.4.2-3.i386.rpm
inn-devel-2.4.2-3.i386.rpm
iptables-devel-1.3.0-2.i386.rpm
iptables-ipv6-1.3.0-2.i386.rpm
iptraf-2.7.0-15.i386.rpm
ipv6calc-0.48-5.i386.rpm
ipvsadm-1.24-7.i386.rpm
ipxutils-2.2.4-8.i386.rpm
irb-1.8.2-7.i386.rpm
irqbalance-1.12-1.18.i386.rpm
isdn4k-utils-devel-3.2-28.i386.rpm
isdn4k-utils-vboxgetty-3.2-28.i386.rpm
isicom-3.05-18.i386.rpm
jadetex-3.12-13.noarch.rpm
jakarta-commons-beanutils-1.7.0-1jpp_4fc.i386.rpm
jakarta-commons-beanutils-javadoc-1.7.0-1jpp_4fc.i386.rpm
jakarta-commons-collections-3.1-1jpp_4fc.i386.rpm
jakarta-commons-collections-javadoc-3.1-1jpp_4fc.i386.rpm
jakarta-commons-dbcp-1.2.1-3jpp_1fc.noarch.rpm
jakarta-commons-dbcp-javadoc-1.2.1-3jpp_1fc.noarch.rpm
jakarta-commons-digester-1.6-2jpp_4fc.i386.rpm
jakarta-commons-digester-javadoc-1.6-2jpp_4fc.i386.rpm
jakarta-commons-el-1.0-2jpp_3fc.i386.rpm
jakarta-commons-el-javadoc-1.0-2jpp_3fc.i386.rpm
jakarta-commons-fileupload-1.0-3jpp_1fc.noarch.rpm
jakarta-commons-fileupload-javadoc-1.0-3jpp_1fc.noarch.rpm
jakarta-commons-lang-2.0-2jpp_1fc.noarch.rpm
jakarta-commons-lang-javadoc-2.0-2jpp_1fc.noarch.rpm
jakarta-commons-launcher-0.9-3jpp_1fc.noarch.rpm
jakarta-commons-launcher-javadoc-0.9-3jpp_1fc.noarch.rpm
jakarta-commons-logging-1.0.4-2jpp_4fc.i386.rpm
jakarta-commons-logging-javadoc-1.0.4-2jpp_4fc.i386.rpm
jakarta-commons-modeler-1.1-3jpp_4fc.i386.rpm
jakarta-commons-modeler-javadoc-1.1-3jpp_4fc.i386.rpm
jakarta-commons-pool-1.2-2jpp_1fc.noarch.rpm
jakarta-commons-pool-javadoc-1.2-2jpp_1fc.noarch.rpm
jakarta-commons-validator-1.1.3-1jpp_1fc.noarch.rpm
jakarta-commons-validator-javadoc-1.1.3-1jpp_1fc.noarch.rpm
jakarta-taglibs-standard-1.1.1-4jpp_1fc.noarch.rpm
jakarta-taglibs-standard-javadoc-1.1.1-4jpp_1fc.noarch.rpm
java-1.4.2-gcj-compat-devel-1.4.2.0-40jpp_31rh.i386.rpm
java-1.4.2-gcj-compat-src-1.4.2.0-40jpp_31rh.i386.rpm
java_cup-0.10-0.k.1jpp_2fc.noarch.rpm
java_cup-javadoc-0.10-0.k.1jpp_2fc.noarch.rpm
java_cup-manual-0.10-0.k.1jpp_2fc.noarch.rpm
jdepend-2.6-2jpp_3fc.noarch.rpm
jdepend-demo-2.6-2jpp_3fc.noarch.rpm
jdepend-javadoc-2.6-2jpp_3fc.noarch.rpm
jfsutils-1.1.7-2.i386.rpm
jlex-1.2.6-1jpp_2fc.noarch.rpm
jlex-javadoc-1.2.6-1jpp_2fc.noarch.rpm
joe-3.1-8.i386.rpm
joystick-1.2.15-20.i386.rpm
jpilot-0.99.8-0.pre8.4.i386.rpm
jsch-0.1.18-1jpp_1fc.i386.rpm
jsch-demo-0.1.18-1jpp_1fc.i386.rpm
jsch-javadoc-0.1.18-1jpp_1fc.i386.rpm
junit-3.8.1-3jpp_4fc.noarch.rpm
junit-demo-3.8.1-3jpp_4fc.noarch.rpm
junit-javadoc-3.8.1-3jpp_4fc.noarch.rpm
junit-manual-3.8.1-3jpp_4fc.noarch.rpm
jzlib-1.0.5-2jpp_1fc.noarch.rpm
jzlib-demo-1.0.5-2jpp_1fc.noarch.rpm
jzlib-javadoc-1.0.5-2jpp_1fc.noarch.rpm
k3b-0.11.23-3.i386.rpm
kcc-2.3-24.i386.rpm
kdbg-1.2.10-2.i386.rpm
kde-i18n-Bengali-3.4.0-1.noarch.rpm
kde-i18n-Brazil-3.4.0-1.noarch.rpm
kde-i18n-British-3.4.0-1.noarch.rpm
kde-i18n-Bulgarian-3.4.0-1.noarch.rpm
kde-i18n-Catalan-3.4.0-1.noarch.rpm
kde-i18n-Chinese-3.4.0-1.noarch.rpm
kde-i18n-Chinese-Big5-3.4.0-1.noarch.rpm
kde-i18n-Czech-3.4.0-1.noarch.rpm
kde-i18n-Danish-3.4.0-1.noarch.rpm
kde-i18n-Dutch-3.4.0-1.noarch.rpm
kde-i18n-Estonian-3.4.0-1.noarch.rpm
kde-i18n-Finnish-3.4.0-1.noarch.rpm
kde-i18n-French-3.4.0-1.noarch.rpm
kde-i18n-German-3.4.0-1.noarch.rpm
kde-i18n-Greek-3.4.0-1.noarch.rpm
kde-i18n-Hebrew-3.4.0-1.noarch.rpm
kde-i18n-Hindi-3.4.0-1.noarch.rpm
kde-i18n-Hungarian-3.4.0-1.noarch.rpm
kde-i18n-Icelandic-3.4.0-1.noarch.rpm
kde-i18n-Italian-3.4.0-1.noarch.rpm
kde-i18n-Japanese-3.4.0-1.noarch.rpm
kde-i18n-Norwegian-3.4.0-1.noarch.rpm
kde-i18n-Norwegian-Nynorsk-3.4.0-1.noarch.rpm
kde-i18n-Polish-3.4.0-1.noarch.rpm
kde-i18n-Portuguese-3.4.0-1.noarch.rpm
kde-i18n-Punjabi-3.4.0-1.noarch.rpm
kde-i18n-Romanian-3.4.0-1.noarch.rpm
kde-i18n-Russian-3.4.0-1.noarch.rpm
kde-i18n-Serbian-3.4.0-1.noarch.rpm
kde-i18n-Slovak-3.4.0-1.noarch.rpm
kde-i18n-Slovenian-3.4.0-1.noarch.rpm
kde-i18n-Spanish-3.4.0-1.noarch.rpm
kde-i18n-Swedish-3.4.0-1.noarch.rpm
kde-i18n-Tamil-3.4.0-1.noarch.rpm
kde-i18n-Turkish-3.4.0-1.noarch.rpm
kde-i18n-Ukrainian-3.4.0-1.noarch.rpm
kdeaccessibility-3.4.0-1.i386.rpm
kdeaddons-atlantikdesigner-3.4.0-2.i386.rpm
kdeadmin-3.4.0-1.i386.rpm
kdeartwork-icons-3.4.0-1.i386.rpm
kdebase-devel-3.4.0-5.i386.rpm
kdebindings-3.4.0-1.i386.rpm
kdebindings-devel-3.4.0-1.i386.rpm
kdeedu-3.4.0-1.i386.rpm
kdeedu-devel-3.4.0-1.i386.rpm
kdegames-3.4.0-1.i386.rpm
kdegames-devel-3.4.0-1.i386.rpm
kdegraphics-devel-3.4.0-2.i386.rpm
kdelibs-devel-3.4.0-6.i386.rpm
kdemultimedia-devel-3.4.0-2.i386.rpm
kdenetwork-devel-3.4.0-3.i386.rpm
kdepim-devel-3.4.0-4.i386.rpm
kdesdk-3.4.0-3.i386.rpm
kdesdk-devel-3.4.0-3.i386.rpm
kdeutils-devel-3.4.0-1.i386.rpm
kdevelop-3.2.0-2.i386.rpm
kdewebdev-3.4.0-3.i386.rpm
kdewebdev-devel-3.4.0-3.i386.rpm
kernel-2.6.11-1.1369_FC4.i586.rpm
kernel-devel-2.6.11-1.1369_FC4.i586.rpm
kernel-devel-2.6.11-1.1369_FC4.i686.rpm
kernel-doc-2.6.11-1.1369_FC4.noarch.rpm
kernel-xen0-2.6.11-1.1369_FC4.i686.rpm
kernel-xen0-devel-2.6.11-1.1369_FC4.i686.rpm
kernel-xenU-2.6.11-1.1369_FC4.i686.rpm
kernel-xenU-devel-2.6.11-1.1369_FC4.i686.rpm
kon2-0.3.9b-26.i386.rpm
kon2-fonts-0.3.9b-26.i386.rpm
krb5-server-1.4-3.i386.rpm
krbafs-utils-1.2.2-7.i386.rpm
lam-7.1.1-3.i386.rpm
latex2html-2002.2.1-3.noarch.rpm
ldapjdk-4.17-1jpp_2fc.noarch.rpm
ldapjdk-javadoc-4.17-1jpp_2fc.noarch.rpm
libIDL-devel-0.8.5-2.i386.rpm
libaio-0.3.104-2.i386.rpm
libaio-devel-0.3.104-2.i386.rpm
libao-0.8.5-3.i386.rpm
libao-devel-0.8.5-3.i386.rpm
libart_lgpl-devel-2.3.17-2.i386.rpm
libavc1394-devel-0.4.1-8.i386.rpm
libbonobo-devel-2.8.1-1.i386.rpm
libbonoboui-devel-2.8.1-4.i386.rpm
libbtctl-0.4.1-7.i386.rpm
libbtctl-devel-0.4.1-7.i386.rpm
libc-client-2002e-9.i386.rpm
libc-client-devel-2002e-9.i386.rpm
libcroco-devel-0.6.0-5.i386.rpm
libdbi-0.7.2-2.i386.rpm
libdbi-dbd-mysql-0.7.1-3.i386.rpm
libdbi-dbd-pgsql-0.7.1-3.i386.rpm
libdbi-devel-0.7.2-2.i386.rpm
libdbi-drivers-0.7.1-3.i386.rpm
libdv-devel-0.103-4.i386.rpm
libdv-tools-0.103-4.i386.rpm
libexif-devel-0.6.12-3.i386.rpm
libgail-gnome-devel-1.1.0-5.i386.rpm
libgal2-2.4.2-4.i386.rpm
libgal2-devel-2.4.2-4.i386.rpm
libgal23-0.24-6.i386.rpm
libgcj-src-4.0.0-8.i386.rpm
libgconf-java-2.10.1-3.i386.rpm
libgconf-java-devel-2.10.1-3.i386.rpm
libgcrypt-devel-1.2.1-1.i386.rpm
libghttp-1.0.9-11.i386.rpm
libghttp-devel-1.0.9-11.i386.rpm
libglade-0.17-16.i386.rpm
libglade-devel-0.17-16.i386.rpm
libglade-java-2.10.1-5.i386.rpm
libglade-java-devel-2.10.1-5.i386.rpm
libglade2-devel-2.5.1-2.i386.rpm
libgnat-4.0.0-8.i386.rpm
libgnome-devel-2.10.0-3.i386.rpm
libgnome-java-2.10.1-3.i386.rpm
libgnome-java-devel-2.10.1-3.i386.rpm
libgnomecanvas-devel-2.10.0-1.i386.rpm
libgnomecups-devel-0.2.0-2.i386.rpm
libgnomeprint15-0.37-11.i386.rpm
libgnomeprint22-devel-2.10.3-1.i386.rpm
libgnomeprintui22-devel-2.10.1-1.i386.rpm
libgnomeui-devel-2.10.0-1.i386.rpm
libgpg-error-devel-1.0-2.i386.rpm
libgsf-devel-1.11.1-2.i386.rpm
libgtk-java-2.6.2-3.i386.rpm
libgtk-java-devel-2.6.2-3.i386.rpm
libgtop2-devel-2.10.1-1.i386.rpm
libieee1284-devel-0.2.9-2.i386.rpm
libieee1284-python-0.2.9-2.i386.rpm
libjpeg-devel-6b-34.i386.rpm
libmng-devel-1.0.9-1.i386.rpm
libmng-static-1.0.9-1.i386.rpm
libmudflap-4.0.0-8.i386.rpm
libmudflap-devel-4.0.0-8.i386.rpm
libmusicbrainz-devel-2.1.1-1.i386.rpm
libobjc-4.0.0-8.i386.rpm
libofx-0.7.0-3.i386.rpm
libofx-devel-0.7.0-3.i386.rpm
libpng-devel-1.2.8-2.i386.rpm
libpng10-1.0.18-2.i386.rpm
libpng10-devel-1.0.18-2.i386.rpm
libraw1394-devel-1.1.0-3.i386.rpm
librsvg2-devel-2.9.5-2.i386.rpm
libsane-hpoj-0.91-13.i386.rpm
libsepol-devel-1.5.9-2.i386.rpm
libsilc-0.9.12-11.i386.rpm
libsilc-devel-0.9.12-11.i386.rpm
libsoup-devel-2.2.3-2.i386.rpm
libswt3-gtk2-3.1.0_fc-0.M6.22.i386.rpm
libtheora-devel-1.0alpha4-2.i386.rpm
libtiff-devel-3.7.1-6.i386.rpm
libtool-ltdl-devel-1.5.16.multilib2-1.i386.rpm
libungif-devel-4.1.3-3.i386.rpm
libungif-progs-4.1.3-3.i386.rpm
libwmf-0.2.8.3-8.i386.rpm
libwmf-devel-0.2.8.3-8.i386.rpm
libwnck-devel-2.10.0-3.i386.rpm
libwpd-0.8.1-1.i386.rpm
libwpd-devel-0.8.1-1.i386.rpm
libwpd-tools-0.8.1-1.i386.rpm
libwvstreams-devel-3.75.0-5.i386.rpm
libxklavier-devel-2.0-1.i386.rpm
libxml-1.8.17-13.i386.rpm
libxml-devel-1.8.17-13.i386.rpm
libxslt-devel-1.1.14-2.i386.rpm
libxslt-python-1.1.14-2.i386.rpm
linux-atm-2.5.0-0.20050118.2.i386.rpm
linux-atm-libs-2.5.0-0.20050118.2.i386.rpm
linux-atm-libs-devel-2.5.0-0.20050118.2.i386.rpm
linuxdoc-tools-0.9.21-5.i386.rpm
linuxthreads-devel-2.3.5-10.i386.rpm
linuxwacom-devel-0.6.6-5.i386.rpm
lksctp-tools-1.0.2-5.i386.rpm
lksctp-tools-devel-1.0.2-5.i386.rpm
lksctp-tools-doc-1.0.2-5.i386.rpm
lm_sensors-devel-2.8.8-5.i386.rpm
log4j-1.2.8-7jpp_4fc.noarch.rpm
log4j-javadoc-1.2.8-7jpp_4fc.noarch.rpm
log4j-manual-1.2.8-7jpp_4fc.noarch.rpm
longrun-0.9-1.9.i386.rpm
lslk-1.29-15.i386.rpm
lv-4.51-5.i386.rpm
lvm2-cluster-2.01.09-3.0.i386.rpm
lynx-2.8.5-23.i386.rpm
m2crypto-0.13-2.i386.rpm
macutils-2.0b3-32.i386.rpm
magma-1.0-0.pre21.7.i386.rpm
magma-devel-1.0-0.pre21.7.i386.rpm
magma-plugins-1.0-0.pre18.3.i386.rpm
mailman-2.1.5-35.fc4.i386.rpm
man-pages-cs-0.16-4.noarch.rpm
man-pages-da-0.1.1-12.noarch.rpm
man-pages-de-0.4-9.noarch.rpm
man-pages-es-1.28-10.noarch.rpm
man-pages-fr-0.9.7-11.noarch.rpm
man-pages-it-0.3.0-16.noarch.rpm
man-pages-ja-20050415-1.noarch.rpm
man-pages-ko-1.48-15.noarch.rpm
man-pages-pl-0.23-6.noarch.rpm
man-pages-ru-0.97-1.noarch.rpm
mc-4.6.1a-0.9.i386.rpm
memtest86+-1.55.1-1.i386.rpm
mgetty-sendfax-1.1.33-1.i386.rpm
mgetty-viewfax-1.1.33-1.i386.rpm
mgetty-voice-1.1.33-1.i386.rpm
microcode_ctl-1.11-1.21.i386.rpm
mikmod-3.1.6-34.i386.rpm
mikmod-devel-3.1.6-34.i386.rpm
mod_auth_kerb-5.0-6.i386.rpm
mod_auth_mysql-2.6.1-4.i386.rpm
mod_auth_pgsql-2.0.1-8.i386.rpm
mod_authz_ldap-0.26-3.i386.rpm
mod_dav_svn-1.1.4-3.i386.rpm
mod_jk-1.2.6-3jpp_4fc.i386.rpm
mod_jk-manual-1.2.6-3jpp_4fc.i386.rpm
mod_perl-2.0.0-0.rc5.3.i386.rpm
mod_perl-devel-2.0.0-0.rc5.3.i386.rpm
mod_python-3.1.4-2.i386.rpm
mod_ssl-2.0.54-10.i386.rpm
mozilla-chat-1.7.8-2.i386.rpm
mozilla-devel-1.7.8-2.i386.rpm
mozilla-dom-inspector-1.7.8-2.i386.rpm
mozilla-js-debugger-1.7.8-2.i386.rpm
mozilla-mail-1.7.8-2.i386.rpm
mozilla-nspr-devel-1.7.8-2.i386.rpm
mozilla-nss-devel-1.7.8-2.i386.rpm
mozplugger-1.7.1-4.i386.rpm
mrtg-2.11.1-3.i386.rpm
mt-st-0.8-5.i386.rpm
mtr-gtk-0.69-3.i386.rpm
mtx-1.2.18-8.i386.rpm
mx-2.0.6-2.i386.rpm
mx4j-2.1.0-1jpp_7fc.i386.rpm
mx4j-javadoc-2.1.0-1jpp_7fc.i386.rpm
mx4j-manual-2.1.0-1jpp_7fc.i386.rpm
mysql-4.1.11-2.i386.rpm
mysql-bench-4.1.11-2.i386.rpm
mysql-devel-4.1.11-2.i386.rpm
mysql-server-4.1.11-2.i386.rpm
mysqlclient10-3.23.58-6.i386.rpm
mysqlclient10-devel-3.23.58-6.i386.rpm
nasm-0.98.39-3.i386.rpm
nasm-doc-0.98.39-3.i386.rpm
nasm-rdoff-0.98.39-3.i386.rpm
nautilus-cd-burner-devel-2.10.0-2.i386.rpm
ncompress-4.2.4-42.i386.rpm
ncpfs-2.2.4-8.i386.rpm
net-snmp-devel-5.2.1-12.i386.rpm
net-snmp-perl-5.2.1-12.i386.rpm
net-snmp-utils-5.2.1-12.i386.rpm
netatalk-2.0.2-3.i386.rpm
netatalk-devel-2.0.2-3.i386.rpm
netconfig-0.8.22-1.i386.rpm
netdump-server-0.7.7-6.i386.rpm
netpbm-10.27-3.i386.rpm
netpbm-devel-10.27-3.i386.rpm
netpbm-progs-10.27-3.i386.rpm
newt-perl-1.08-8.i386.rpm
nhpf-1.42-9.i386.rpm
nkf-2.04-5.i386.rpm
nmap-frontend-3.81-3.i386.rpm
nss_db-compat-2.2-31.i386.rpm
nut-2.0.1-1.i386.rpm
nut-cgi-2.0.1-1.i386.rpm
nut-client-2.0.1-1.i386.rpm
nvi-m17n-1.79-20040401.23.i386.rpm
nvi-m17n-canna-1.79-20040401.23.i386.rpm
nvi-m17n-nocanna-1.79-20040401.23.i386.rpm
oaf-0.6.10-12.i386.rpm
oaf-devel-0.6.10-12.i386.rpm
openh323-1.15.3-1.i386.rpm
openh323-devel-1.15.3-1.i386.rpm
openhpi-2.0.3-2.i386.rpm
openhpi-devel-2.0.3-2.i386.rpm
openjade-devel-1.3.2-16.i386.rpm
openldap-servers-2.2.23-5.i386.rpm
openldap-servers-sql-2.2.23-5.i386.rpm
openmotif-2.2.3-10.i386.rpm
openmotif-devel-2.2.3-10.i386.rpm
openmotif21-2.1.30-14.i386.rpm
openobex-1.0.1-3.i386.rpm
openobex-apps-1.0.0-8.i386.rpm
openobex-devel-1.0.1-3.i386.rpm
openoffice.org-calc-1.9.104-2.i386.rpm
openoffice.org-core-1.9.104-2.i386.rpm
openoffice.org-draw-1.9.104-2.i386.rpm
openoffice.org-graphicfilter-1.9.104-2.i386.rpm
openoffice.org-impress-1.9.104-2.i386.rpm
openoffice.org-javafilter-1.9.104-2.i386.rpm
openoffice.org-langpack-af_ZA-1.9.104-2.i386.rpm
openoffice.org-langpack-ar-1.9.104-2.i386.rpm
openoffice.org-langpack-bg_BG-1.9.104-2.i386.rpm
openoffice.org-langpack-ca_ES-1.9.104-2.i386.rpm
openoffice.org-langpack-cs_CZ-1.9.104-2.i386.rpm
openoffice.org-langpack-cy_GB-1.9.104-2.i386.rpm
openoffice.org-langpack-da_DK-1.9.104-2.i386.rpm
openoffice.org-langpack-de-1.9.104-2.i386.rpm
openoffice.org-langpack-el_GR-1.9.104-2.i386.rpm
openoffice.org-langpack-es-1.9.104-2.i386.rpm
openoffice.org-langpack-et_EE-1.9.104-2.i386.rpm
openoffice.org-langpack-eu_ES-1.9.104-2.i386.rpm
openoffice.org-langpack-fi_FI-1.9.104-2.i386.rpm
openoffice.org-langpack-fr-1.9.104-2.i386.rpm
openoffice.org-langpack-gl_ES-1.9.104-2.i386.rpm
openoffice.org-langpack-gu_IN-1.9.104-2.i386.rpm
openoffice.org-langpack-he_IL-1.9.104-2.i386.rpm
openoffice.org-langpack-hi_IN-1.9.104-2.i386.rpm
openoffice.org-langpack-hr_HR-1.9.104-2.i386.rpm
openoffice.org-langpack-hu_HU-1.9.104-2.i386.rpm
openoffice.org-langpack-it-1.9.104-2.i386.rpm
openoffice.org-langpack-ja_JP-1.9.104-2.i386.rpm
openoffice.org-langpack-ko_KR-1.9.104-2.i386.rpm
openoffice.org-langpack-lt_LT-1.9.104-2.i386.rpm
openoffice.org-langpack-ms_MY-1.9.104-2.i386.rpm
openoffice.org-langpack-nb_NO-1.9.104-2.i386.rpm
openoffice.org-langpack-nl-1.9.104-2.i386.rpm
openoffice.org-langpack-nn_NO-1.9.104-2.i386.rpm
openoffice.org-langpack-pa_IN-1.9.104-2.i386.rpm
openoffice.org-langpack-pl_PL-1.9.104-2.i386.rpm
openoffice.org-langpack-pt_BR-1.9.104-2.i386.rpm
openoffice.org-langpack-pt_PT-1.9.104-2.i386.rpm
openoffice.org-langpack-ru-1.9.104-2.i386.rpm
openoffice.org-langpack-sk_SK-1.9.104-2.i386.rpm
openoffice.org-langpack-sl_SI-1.9.104-2.i386.rpm
openoffice.org-langpack-sv-1.9.104-2.i386.rpm
openoffice.org-langpack-ta_IN-1.9.104-2.i386.rpm
openoffice.org-langpack-th_TH-1.9.104-2.i386.rpm
openoffice.org-langpack-tr_TR-1.9.104-2.i386.rpm
openoffice.org-langpack-zh_CN-1.9.104-2.i386.rpm
openoffice.org-langpack-zh_TW-1.9.104-2.i386.rpm
openoffice.org-langpack-zu_ZA-1.9.104-2.i386.rpm
openoffice.org-math-1.9.104-2.i386.rpm
openoffice.org-pyuno-1.9.104-2.i386.rpm
openoffice.org-testtools-1.9.104-2.i386.rpm
openoffice.org-writer-1.9.104-2.i386.rpm
openoffice.org-xsltfilter-1.9.104-2.i386.rpm
openssl-0.9.7f-7.i386.rpm
openssl-perl-0.9.7f-7.i386.rpm
openssl097a-0.9.7a-3.i386.rpm
openswan-2.3.1-2.i386.rpm
openswan-doc-2.3.1-2.i386.rpm
oprofile-devel-0.8.2-4.i386.rpm
oro-2.0.8-1jpp_2fc.noarch.rpm
oro-javadoc-2.0.8-1jpp_2fc.noarch.rpm
pango-devel-1.8.1-2.i386.rpm
parted-devel-1.6.22-2.i386.rpm
passivetex-1.25-5.noarch.rpm
pcre-devel-5.0-4.i386.rpm
perl-Archive-Tar-1.23-4.noarch.rpm
perl-Archive-Zip-1.14-1.noarch.rpm
perl-BSD-Resource-1.24-3.i386.rpm
perl-Bit-Vector-6.4-2.i386.rpm
perl-Carp-Clan-5.3-1.noarch.rpm
perl-DBD-MySQL-2.9007-1.i386.rpm
perl-DBD-Pg-1.41-2.i386.rpm
perl-DBI-1.48-4.i386.rpm
perl-Date-Calc-5.4-1.i386.rpm
perl-Devel-Symdump-2.03-20.noarch.rpm
perl-Digest-HMAC-1.01-14.noarch.rpm
perl-Digest-SHA1-2.10-1.i386.rpm
perl-File-MMagic-1.22-1.noarch.rpm
perl-Filter-Simple-0.79-5.noarch.rpm
perl-Frontier-RPC-0.06-39.noarch.rpm
perl-IO-String-1.06-3.noarch.rpm
perl-IO-Zlib-1.04-4.noarch.rpm
perl-Inline-0.44-15.noarch.rpm
perl-NKF-2.04-5.i386.rpm
perl-Net-DNS-0.49-2.i386.rpm
perl-Net-Telnet-3.03-4.noarch.rpm
perl-PDL-2.4.1-11.i386.rpm
perl-Parse-RecDescent-1.94-5.noarch.rpm
perl-RPM-Specfile-1.17-2.noarch.rpm
perl-RPM2-0.66-9.i386.rpm
perl-SGMLSpm-1.03ii-16.noarch.rpm
perl-TermReadKey-2.30-1.i386.rpm
perl-Time-HiRes-1.65-1.i386.rpm
perl-TimeDate-1.16-3.noarch.rpm
perl-suidperl-5.8.6-15.i386.rpm
php-5.0.4-10.i386.rpm
php-bcmath-5.0.4-10.i386.rpm
php-dba-5.0.4-10.i386.rpm
php-devel-5.0.4-10.i386.rpm
php-gd-5.0.4-10.i386.rpm
php-imap-5.0.4-10.i386.rpm
php-ldap-5.0.4-10.i386.rpm
php-mbstring-5.0.4-10.i386.rpm
php-mysql-5.0.4-10.i386.rpm
php-ncurses-5.0.4-10.i386.rpm
php-odbc-5.0.4-10.i386.rpm
php-pear-5.0.4-10.i386.rpm
php-pgsql-5.0.4-10.i386.rpm
php-snmp-5.0.4-10.i386.rpm
php-soap-5.0.4-10.i386.rpm
php-xml-5.0.4-10.i386.rpm
php-xmlrpc-5.0.4-10.i386.rpm
pilot-link-devel-0.12.0-0.pre2.0.i386.rpm
planner-0.13-2.i386.rpm
planner-devel-0.13-2.i386.rpm
poppler-devel-0.3.2-1.i386.rpm
postfix-2.2.2-2.i386.rpm
postfix-pflogsumm-2.2.2-2.i386.rpm
postgresql-8.0.3-1.i386.rpm
postgresql-contrib-8.0.3-1.i386.rpm
postgresql-devel-8.0.3-1.i386.rpm
postgresql-docs-8.0.3-1.i386.rpm
postgresql-jdbc-8.0.3-1.i386.rpm
postgresql-libs-8.0.3-1.i386.rpm
postgresql-odbc-08.00.0100-1.i386.rpm
postgresql-pl-8.0.3-1.i386.rpm
postgresql-python-8.0.3-1.i386.rpm
postgresql-server-8.0.3-1.i386.rpm
postgresql-tcl-8.0.3-1.i386.rpm
postgresql-test-8.0.3-1.i386.rpm
privoxy-3.0.3-7.i386.rpm
procinfo-18-16.i386.rpm
psgml-1.2.5-4.noarch.rpm
pump-devel-0.8.22-1.i386.rpm
puretls-0.9-0.b4.1jpp_2fc.noarch.rpm
puretls-demo-0.9-0.b4.1jpp_2fc.noarch.rpm
puretls-javadoc-0.9-0.b4.1jpp_2fc.noarch.rpm
pvm-3.4.5-3_FC4.i386.rpm
pvm-gui-3.4.5-3_FC4.i386.rpm
pwlib-1.8.4-1.i386.rpm
pwlib-devel-1.8.4-1.i386.rpm
pychecker-0.8.14-3.noarch.rpm
pydict-0.3.0-8.noarch.rpm
pygtk2-devel-2.6.0-2.i386.rpm
pyorbit-devel-2.0.1-4.i386.rpm
python-docs-2.4.1-1.noarch.rpm
python-numeric-23.7-2.i386.rpm
python-tools-2.4.1-2.i386.rpm
python-twisted-1.3.0-4.i386.rpm
qt-MySQL-3.3.4-14.i386.rpm
qt-ODBC-3.3.4-14.i386.rpm
qt-PostgreSQL-3.3.4-14.i386.rpm
qt-config-3.3.4-14.i386.rpm
qt-designer-3.3.4-14.i386.rpm
qt-devel-3.3.4-14.i386.rpm
quagga-0.98.3-2.i386.rpm
quagga-contrib-0.98.3-2.i386.rpm
quagga-devel-0.98.3-2.i386.rpm
radvd-0.7.3-1_FC4.i386.rpm
rarpd-ss981107-20.i386.rpm
rdesktop-1.4.0-2.i386.rpm
rdoc-1.8.2-7.i386.rpm
readahead-1.1-1.14.i386.rpm
regexp-1.3-1jpp_5fc.i386.rpm
regexp-javadoc-1.3-1jpp_5fc.i386.rpm
reiserfs-utils-3.6.19-2.i386.rpm
rgmanager-1.9.31-3.i386.rpm
rhdb-utils-4.0-3.i386.rpm
rhythmbox-0.8.8-2.i386.rpm
ri-1.8.2-7.i386.rpm
rng-utils-2.0-1.6.i386.rpm
rsh-server-0.17-29.i386.rpm
ruby-1.8.2-7.i386.rpm
ruby-devel-1.8.2-7.i386.rpm
ruby-docs-1.8.2-7.i386.rpm
ruby-libs-1.8.2-7.i386.rpm
ruby-mode-1.8.2-7.i386.rpm
ruby-tcltk-1.8.2-7.i386.rpm
rusers-0.17-43.i386.rpm
rusers-server-0.17-43.i386.rpm
rwall-0.17-25.i386.rpm
rwall-server-0.17-25.i386.rpm
rwho-0.17-25.i386.rpm
samba-swat-3.0.14a-2.i386.rpm
sane-backends-devel-1.0.15-9.i386.rpm
sane-frontends-1.0.13-2.i386.rpm
sash-3.7-6.i386.rpm
selinux-doc-1.19.5-1.noarch.rpm
selinux-policy-strict-1.23.16-6.noarch.rpm
selinux-policy-strict-sources-1.23.16-6.noarch.rpm
selinux-policy-targeted-sources-1.23.16-6.noarch.rpm
sendmail-cf-8.13.4-2.i386.rpm
sendmail-devel-8.13.4-2.i386.rpm
sendmail-doc-8.13.4-2.i386.rpm
setools-devel-2.1.0-5.i386.rpm
setools-gui-2.1.0-5.i386.rpm
sg3_utils-1.06-5.i386.rpm
sharutils-4.2.1-27.i386.rpm
sip-4.2.1-1.i386.rpm
sip-devel-4.2.1-1.i386.rpm
slib-3a1-2.noarch.rpm
slrn-pull-0.9.8.1-4.i386.rpm
smartmontools-5.33-1.5.i386.rpm
sound-juicer-2.10.1-1.i386.rpm
sox-devel-12.17.7-3.i386.rpm
spamassassin-3.0.3-4.fc4.i386.rpm
speex-devel-1.0.4-5.i386.rpm
squid-2.5.STABLE9-7.i386.rpm
squirrelmail-1.4.4-2.noarch.rpm
star-1.5a54-2.i386.rpm
stardict-2.4.4-3.i386.rpm
startup-notification-devel-0.8-2.i386.rpm
struts11-1.1-1jpp_7fc.i386.rpm
struts11-javadoc-1.1-1jpp_7fc.i386.rpm
struts11-manual-1.1-1jpp_7fc.i386.rpm
subversion-1.1.4-3.i386.rpm
subversion-devel-1.1.4-3.i386.rpm
subversion-javahl-1.1.4-3.i386.rpm
subversion-perl-1.1.4-3.i386.rpm
switchdesk-gui-4.0.6-3.noarch.rpm
sysfsutils-1.2.0-4.i386.rpm
sysfsutils-devel-1.2.0-4.i386.rpm
syslinux-devel-3.08-2.i386.rpm
sysstat-5.0.5-9.fc.i386.rpm
system-config-bind-4.0.0-16_FC4.noarch.rpm
system-config-boot-0.2.9-1.i386.rpm
system-config-kickstart-2.5.22-2.noarch.rpm
system-config-netboot-0.1.14-1.i386.rpm
system-switch-mail-0.5.25-4.noarch.rpm
system-switch-mail-gnome-0.5.25-4.noarch.rpm
taipeifonts-1.2-26.noarch.rpm
talk-server-0.17-29.i386.rpm
tcl-devel-8.4.9-3.i386.rpm
tcl-html-8.4.9-3.i386.rpm
tclx-8.3.5-6.i386.rpm
tclx-devel-8.3.5-6.i386.rpm
tclx-doc-8.3.5-6.i386.rpm
telnet-server-0.17-35.i386.rpm
tetex-afm-3.0-4.i386.rpm
tetex-doc-3.0-4.i386.rpm
tetex-dvips-3.0-4.i386.rpm
tetex-latex-3.0-4.i386.rpm
tetex-xdvi-3.0-4.i386.rpm
texi2html-1.76-2.noarch.rpm
tftp-0.40-6.i386.rpm
tftp-server-0.40-6.i386.rpm
theora-tools-1.0alpha4-2.i386.rpm
thunderbird-1.0.2-6.i386.rpm
timidity++-2.13.2-1.i386.rpm
tix-8.1.4-100.i386.rpm
tix-devel-8.1.4-100.i386.rpm
tix-doc-8.1.4-100.i386.rpm
tk-8.4.9-3.i386.rpm
tk-devel-8.4.9-3.i386.rpm
tkinter-2.4.1-2.i386.rpm
tn5250-0.16.5-5.i386.rpm
tn5250-devel-0.16.5-5.i386.rpm
tomcat5-5.0.30-5jpp_6fc.i386.rpm
tomcat5-admin-webapps-5.0.30-5jpp_6fc.i386.rpm
tomcat5-jasper-5.0.30-5jpp_6fc.i386.rpm
tomcat5-jasper-javadoc-5.0.30-5jpp_6fc.i386.rpm
tomcat5-servlet-2.4-api-5.0.30-5jpp_6fc.i386.rpm
tomcat5-servlet-2.4-api-javadoc-5.0.30-5jpp_6fc.i386.rpm
tomcat5-webapps-5.0.30-5jpp_6fc.i386.rpm
totem-1.0.2-1.i386.rpm
totem-devel-1.0.2-1.i386.rpm
transfig-3.2.4-11.i386.rpm
tree-1.5.0-3.i386.rpm
tsclient-0.132-6.i386.rpm
ttcp-1.12-13.i386.rpm
tux-3.2.18-4.i386.rpm
tvtime-0.9.15-7.i386.rpm
umb-scheme-3.2-38.i386.rpm
units-1.80-12.i386.rpm
unixODBC-2.2.11-1.i386.rpm
unixODBC-devel-2.2.11-1.i386.rpm
unixODBC-kde-2.2.11-1.i386.rpm
usbutils-0.70-1.1.i386.rpm
usbview-1.0-13.i386.rpm
uucp-1.07-9.i386.rpm
vim-X11-6.3.071-3.i386.rpm
vlock-1.3-19.i386.rpm
vnc-4.1.1-10.i386.rpm
vorbis-tools-1.0.1-6.i386.rpm
vsftpd-2.0.3-1.i386.rpm
vte-devel-0.11.13-2.fc4.i386.rpm
w3c-libwww-5.4.0-13.i386.rpm
w3c-libwww-apps-5.4.0-13.i386.rpm
w3c-libwww-devel-5.4.0-13.i386.rpm
w3m-0.5.1-10.i386.rpm
w3m-img-0.5.1-10.i386.rpm
webalizer-2.01_10-28.i386.rpm
wordtrans-1.1pre13-10.i386.rpm
wordtrans-kde-1.1pre13-10.i386.rpm
wordtrans-web-1.1pre13-10.i386.rpm
x86info-1.13-1.10.i386.rpm
xalan-j2-2.6.0-2jpp_1fc.noarch.rpm
xalan-j2-demo-2.6.0-2jpp_1fc.noarch.rpm
xalan-j2-javadoc-2.6.0-2jpp_1fc.noarch.rpm
xalan-j2-manual-2.6.0-2jpp_1fc.noarch.rpm
xalan-j2-xsltc-2.6.0-2jpp_1fc.noarch.rpm
xcdroast-0.98a15-12.i386.rpm
xchat-2.4.3-3.i386.rpm
xdelta-devel-1.1.3-16.i386.rpm
xen-2-20050522.i386.rpm
xerces-j2-2.6.2-4jpp_5fc.i386.rpm
xerces-j2-demo-2.6.2-4jpp_5fc.i386.rpm
xerces-j2-javadoc-apis-2.6.2-4jpp_5fc.i386.rpm
xerces-j2-javadoc-dom3-2.6.2-4jpp_5fc.i386.rpm
xerces-j2-javadoc-impl-2.6.2-4jpp_5fc.i386.rpm
xerces-j2-javadoc-other-2.6.2-4jpp_5fc.i386.rpm
xerces-j2-javadoc-xni-2.6.2-4jpp_5fc.i386.rpm
xerces-j2-scripts-2.6.2-4jpp_5fc.i386.rpm
xferstats-2.16-13.i386.rpm
xfig-3.2.4-11.i386.rpm
xfsprogs-2.6.13-4.i386.rpm
xfsprogs-devel-2.6.13-4.i386.rpm
xhtml1-dtds-1.0-7.noarch.rpm
xinetd-2.3.13-6.i386.rpm
xisdnload-3.2-28.i386.rpm
xml-commons-1.0-0.b2.6jpp_12fc.i386.rpm
xml-commons-apis-1.0-0.b2.6jpp_12fc.i386.rpm
xml-commons-apis-javadoc-1.0-0.b2.6jpp_12fc.i386.rpm
xml-commons-apis-manual-1.0-0.b2.6jpp_12fc.i386.rpm
xml-commons-resolver-1.1-1jpp_4fc.noarch.rpm
xml-commons-resolver-javadoc-1.1-1jpp_4fc.noarch.rpm
xml-commons-which-1.0-0.b2.6jpp_12fc.i386.rpm
xml-commons-which-javadoc-1.0-0.b2.6jpp_12fc.i386.rpm
xmlsec1-1.2.7-4.i386.rpm
xmlsec1-devel-1.2.7-4.i386.rpm
xmlsec1-gnutls-1.2.7-4.i386.rpm
xmlsec1-gnutls-devel-1.2.7-4.i386.rpm
xmlsec1-openssl-1.2.7-4.i386.rpm
xmlsec1-openssl-devel-1.2.7-4.i386.rpm
xmltex-20020625-5.noarch.rpm
xmlto-0.0.18-6.i386.rpm
xojpanel-0.91-13.i386.rpm
xorg-x11-Xdmx-6.8.2-31.i386.rpm
xorg-x11-Xnest-6.8.2-31.i386.rpm
xorg-x11-Xvfb-6.8.2-31.i386.rpm
xorg-x11-deprecated-libs-6.8.2-31.i386.rpm
xorg-x11-deprecated-libs-devel-6.8.2-31.i386.rpm
xorg-x11-devel-6.8.2-31.i386.rpm
xorg-x11-doc-6.8.2-31.i386.rpm
xorg-x11-sdk-6.8.2-31.i386.rpm
xpdf-3.00-19.i386.rpm
xrestop-0.2-5.i386.rpm
xsane-0.95-3.i386.rpm
xsane-gimp-0.95-3.i386.rpm
xscreensaver-extras-4.21-4.i386.rpm
xscreensaver-gl-extras-4.21-4.i386.rpm
ypserv-2.13-6.i386.rpm
zisofs-tools-1.0.6-3.i386.rpm
zsh-html-4.2.1-2.i386.rpm
